day_of_week:Sunday,|8372
day_of_week:Friday,|7467
day_of_week:Saturday,|8886
road_type:Single carriageway,casualty_type:Car occupant,|22049
road_type:Single carriageway,casualty_severity:Fatal,casualty_type:Car occupant,|10168
casualty_type:Sidewalk User,|8719
casualty_type:Car occupant,|28806
casualty_type:Car occupant,|28806
casualty_severity:Fatal,casualty_type:Car occupant,|13310
casualty_severity:Fatal,casualty_type:Sidewalk User,|8064
road_type:Single carriageway,casualty_severity:Slight,|9098
casualty_severity:Serious,|8475
road_type:Single carriageway,age_band_of_casualty:Adult,casualty_severity:Fatal,|8642
casualty_severity:Slight,casualty_type:Car occupant,|8737
road_type:Single carriageway,age_band_of_casualty:Senior,|9389
sex_of_casualty:Female,casualty_type:Car occupant,|10035
age_band_of_casualty:Youth,casualty_type:Car occupant,|9737
age_band_of_casualty:26 - 35,|7765
time:night,sex_of_casualty:Male,|8286
road_type:Single carriageway,age_band_of_casualty:Youth,casualty_type:Car occupant,|7705
driver_home_area_type:Rural,|8286
age_band_of_casualty:Senior,casualty_severity:Fatal,|8262
road_type:Dual carriageway,sex_of_casualty:Male,|7523
road_type:Single carriageway,age_band_of_casualty:Adult,casualty_type:Car occupant,|7745
road_type:Single carriageway,sex_of_casualty:Female,casualty_type:Car occupant,|7764
age_of_vehicle:9-Aug,|8080
age_of_vehicle:14-Oct,|7644
age_band_of_casualty:26 - 35,|7765
age_of_vehicle:<3,|10118
age_band_of_casualty:Adult,casualty_severity:Fatal,|11872
age_band_of_casualty:Adult,casualty_type:Car occupant,|10590
sex_of_driver:Female,|8810
age_band_of_driver:36 - 45,|8427
age_band_of_driver:26 - 35,|9043
road_type:Single carriageway,sex_of_casualty:Male,age_band_of_casualty:Youth,|7958
road_type:Single carriageway,age_of_vehicle:10-19,|8100
sex_of_casualty:Male,age_band_of_casualty:Youth,|10105
road_type:Single carriageway,age_band_of_driver:Senior,|8191
journey_purpose_of_driver:Journey as part of work,|7415
age_band_of_driver:Senior,age_band_of_casualty:Senior,|8763
time:afternoon,sex_of_driver:Male,|8205
time:evening,sex_of_driver:Male,|8026
age_of_vehicle:<3,|10118
age_of_vehicle:9-Aug,|8080
age_band_of_driver:26 - 35,|9043
road_type:Dual carriageway,sex_of_driver:Male,|8596
age_of_vehicle:14-Oct,|7644
road_type:Dual carriageway,urban_or_rural_area:Rural,|7379
road_type:Single carriageway,sex_of_casualty:Male,age_band_of_casualty:Adult,|11276
time:afternoon,urban_or_rural_area:Rural,|7864
road_type:Single carriageway,light_conditions:Darkness - no lighting,|7521
sex_of_casualty:Male,age_band_of_casualty:Adult,casualty_severity:Fatal,|9676
road_type:Single carriageway,driver_home_area_type:Urban area,sex_of_casualty:Male,casualty_severity:Fatal,|8776
driver_home_area_type:Urban area,sex_of_casualty:Male,age_band_of_casualty:Adult,|9301
age_band_of_driver:Youth,age_of_vehicle:≤9,|7402
road_type:Single carriageway,sex_of_casualty:Male,casualty_severity:Fatal,|16095
sex_of_casualty:Male,casualty_severity:Fatal,casualty_type:Car occupant,|9162
time:night,sex_of_driver:Male,sex_of_casualty:Male,|7739
road_type:Single carriageway,sex_of_casualty:Male,casualty_type:Car occupant,|14282
driver_home_area_type:Urban area,sex_of_casualty:Male,casualty_severity:Fatal,|12235
age_of_vehicle:≤5,driver_home_area_type:Urban area,|9403
road_type:Single carriageway,age_band_of_driver:Youth,sex_of_casualty:Male,|7842
age_of_vehicle:<3,|10118
age_of_vehicle:10-19,sex_of_casualty:Male,|7445
time:evening,road_type:Single carriageway,|7419
age_of_vehicle:10-19,casualty_type:Car occupant,|7465
road_type:Single carriageway,junction_detail:T or staggered junction,|7766
sex_of_casualty:Male,casualty_severity:Slight,|8133
road_type:Single carriageway,driver_home_area_type:Urban area,age_band_of_casualty:Adult,|8296
age_band_of_driver:36 - 45,|8427
time:night,road_type:Single carriageway,|7435
driver_home_area_type:Urban area,sex_of_casualty:Male,casualty_type:Car occupant,|10183
sex_of_casualty:Male,casualty_type:Car occupant,|18768
road_type:Single carriageway,driver_home_area_type:Urban area,casualty_severity:Fatal,|11741
road_type:Single carriageway,age_band_of_driver:Youth,age_band_of_casualty:Youth,|8643
light_conditions:Darkness - lights lit,sex_of_driver:Male,|8162
road_type:Single carriageway,age_band_of_driver:Youth,casualty_type:Car occupant,|7435
road_type:Single carriageway,driver_home_area_type:Urban area,casualty_type:Car occupant,|10998
age_band_of_driver:Youth,driver_home_area_type:Urban area,|7417
light_conditions:Daylight,urban_or_rural_area:Urban,|7423
age_of_vehicle:≤5,sex_of_casualty:Male,|10791
driver_home_area_type:Urban area,sex_of_casualty:Female,|8047
age_of_vehicle:≤5,driver_home_area_type:Urban area,|9403
age_of_vehicle:≤5,casualty_severity:Fatal,|8394
age_of_vehicle:≤5,casualty_type:Car occupant,|8420
driver_home_area_type:Urban area,age_band_of_casualty:Youth,|7512
age_of_vehicle:<3,|10118
junction_control:Give way or uncontrolled,light_conditions:Daylight,|8675
road_type:Single carriageway,urban_or_rural_area:Urban,sex_of_driver:Male,|8725
age_of_vehicle:≤5,sex_of_casualty:Male,|10791
sex_of_driver:Male,age_band_of_driver:Youth,sex_of_casualty:Male,age_band_of_casualty:Youth,|8176
driver_home_area_type:Urban area,age_band_of_casualty:Adult,|12107
road_type:Single carriageway,junction_control:Give way or uncontrolled,sex_of_driver:Male,|8752
age_of_vehicle:≤5,casualty_severity:Fatal,|8394
junction_detail:T or staggered junction,junction_control:Give way or uncontrolled,|8332
driver_home_area_type:Urban area,casualty_severity:Fatal,|16319
age_of_vehicle:≤5,casualty_type:Car occupant,|8420
driver_home_area_type:Urban area,casualty_type:Car occupant,|15457
age_band_of_driver:Youth,sex_of_casualty:Male,age_band_of_casualty:Youth,|8452
road_type:Single carriageway,age_band_of_driver:Adult,age_of_vehicle:≤7,|8038
road_type:Single carriageway,age_of_vehicle:≤5,sex_of_casualty:Male,|7827
road_type:Single carriageway,sex_of_driver:Male,age_band_of_driver:Youth,sex_of_casualty:Male,|7438
age_of_vehicle:≤5,driver_home_area_type:Urban area,|9403
time:afternoon,light_conditions:Daylight,urban_or_rural_area:Rural,|7784
road_type:Single carriageway,road_surface_conditions:Wet or damp,urban_or_rural_area:Rural,|9249
sex_of_driver:Male,age_band_of_driver:Youth,age_band_of_casualty:Youth,|9201
sex_of_driver:Male,age_band_of_driver:Youth,casualty_type:Car occupant,|7657
road_type:Single carriageway,urban_or_rural_area:Urban,driver_home_area_type:Urban area,|8077
age_band_of_driver:Youth,age_band_of_casualty:Youth,casualty_type:Car occupant,|8435
urban_or_rural_area:Urban,vehicle_manoeuvre:Going ahead other,sex_of_driver:Male,|7934
age_band_of_driver:Youth,casualty_severity:Fatal,|7424
age_band_of_driver:Youth,casualty_type:Car occupant,|9355
road_type:Single carriageway,junction_control:Give way or uncontrolled,sex_of_casualty:Male,|7585
road_type:Single carriageway,sex_of_driver:Male,age_band_of_driver:Youth,age_band_of_casualty:Youth,|7391
light_conditions:Darkness - no lighting,urban_or_rural_area:Rural,sex_of_driver:Male,|8075
road_surface_conditions:Wet or damp,urban_or_rural_area:Rural,first_point_of_impact:Front,|7706
age_of_vehicle:≤5,sex_of_casualty:Male,|10791
road_type:Single carriageway,age_of_vehicle:≤7,driver_home_area_type:Urban area,|8989
road_type:Single carriageway,age_band_of_driver:Adult,age_of_vehicle:≤9,sex_of_casualty:Male,|7571
age_of_vehicle:≤5,casualty_severity:Fatal,|8394
time:afternoon,road_type:Single carriageway,light_conditions:Daylight,|8345
age_of_vehicle:≤5,casualty_type:Car occupant,|8420
junction_detail:T or staggered junction,sex_of_driver:Male,|7438
speed_limit:30,urban_or_rural_area:Urban,sex_of_driver:Male,|8779
junction_control:Give way or uncontrolled,urban_or_rural_area:Rural,|7870
road_type:Single carriageway,urban_or_rural_area:Urban,sex_of_casualty:Male,|7480
age_band_of_driver:Adult,age_of_vehicle:≤5,|8428
age_of_vehicle:≤7,driver_home_area_type:Urban area,sex_of_casualty:Male,|8809
road_type:Single carriageway,age_band_of_driver:Adult,age_of_vehicle:≤9,age_band_of_casualty:Adult,|7957
time:afternoon,light_conditions:Daylight,sex_of_driver:Male,|8120
road_type:Single carriageway,age_of_vehicle:≤7,sex_of_casualty:Male,|10695
first_point_of_impact:Front,sex_of_driver:Male,age_band_of_driver:Adult,age_of_vehicle:≤9,|8544
road_type:Single carriageway,age_of_vehicle:≤7,casualty_severity:Fatal,|8546
road_type:Single carriageway,age_of_vehicle:≤7,casualty_type:Car occupant,|8886
light_conditions:Darkness - no lighting,sex_of_driver:Male,|8330
speed_limit:30,urban_or_rural_area:Urban,driver_home_area_type:Urban area,|8109
age_band_of_driver:Adult,age_of_vehicle:≤7,sex_of_casualty:Male,|7950
road_type:Single carriageway,road_surface_conditions:Wet or damp,first_point_of_impact:Front,|8435
age_of_vehicle:≤7,sex_of_casualty:Male,casualty_severity:Fatal,|8428
vehicle_manoeuvre:Going ahead other,first_point_of_impact:Front,sex_of_driver:Male,age_band_of_driver:Adult,|8885
light_conditions:Darkness - no lighting,sex_of_casualty:Male,|7472
road_type:Single carriageway,first_point_of_impact:Front,sex_of_driver:Male,age_band_of_driver:Adult,sex_of_casualty:Male,|8694
age_of_vehicle:≤7,driver_home_area_type:Urban area,sex_of_casualty:Male,|8809
road_type:Single carriageway,speed_limit:30,urban_or_rural_area:Urban,sex_of_driver:Male,|7487
junction_control:Give way or uncontrolled,vehicle_manoeuvre:Going ahead other,|8127
road_type:Single carriageway,light_conditions:Daylight,urban_or_rural_area:Rural,vehicle_manoeuvre:Going ahead other,|8441
age_of_vehicle:≤7,age_band_of_casualty:Adult,|9151
age_band_of_driver:Adult,age_of_vehicle:≤7,age_band_of_casualty:Adult,|8275
age_of_vehicle:≤7,casualty_severity:Fatal,|11519
speed_limit:30,urban_or_rural_area:Urban,sex_of_casualty:Male,|7386
age_of_vehicle:≤7,casualty_type:Car occupant,|11698
speed_limit:30,urban_or_rural_area:Urban,casualty_severity:Fatal,|7426
first_point_of_impact:Front,sex_of_driver:Male,age_band_of_driver:Adult,driver_home_area_type:Urban area,|8437
age_of_vehicle:≤7,sex_of_casualty:Male,casualty_severity:Fatal,|8428
road_type:Single carriageway,age_band_of_driver:Adult,driver_home_area_type:Urban area,age_band_of_casualty:Adult,|7462
road_type:Single carriageway,first_point_of_impact:Front,sex_of_driver:Male,age_band_of_driver:Adult,age_band_of_casualty:Adult,|8051
road_surface_conditions:Wet or damp,urban_or_rural_area:Rural,sex_of_driver:Male,sex_of_casualty:Male,|7571
urban_or_rural_area:Urban,first_point_of_impact:Front,sex_of_driver:Male,|7609
age_of_vehicle:≤7,age_band_of_casualty:Adult,|9151
road_type:Single carriageway,sex_of_driver:Male,age_band_of_driver:Adult,age_of_vehicle:≤9,|8515
age_band_of_driver:Adult,age_of_vehicle:≤9,driver_home_area_type:Urban area,|9383
road_type:Single carriageway,vehicle_manoeuvre:Going ahead other,first_point_of_impact:Front,sex_of_driver:Male,age_of_vehicle:≤9,|7533
road_type:Single carriageway,age_of_vehicle:≤9,driver_home_area_type:Urban area,sex_of_casualty:Male,|8540
age_of_vehicle:≤7,casualty_severity:Fatal,|11519
road_surface_conditions:Wet or damp,urban_or_rural_area:Rural,sex_of_casualty:Male,|8068
age_of_vehicle:≤7,casualty_type:Car occupant,|11698
road_surface_conditions:Wet or damp,urban_or_rural_area:Rural,casualty_type:Car occupant,|8615
urban_or_rural_area:Rural,vehicle_manoeuvre:Going ahead other,first_point_of_impact:Front,sex_of_driver:Male,sex_of_casualty:Male,|9139
junction_control:Give way or uncontrolled,first_point_of_impact:Front,|8787
road_type:Single carriageway,speed_limit:30,vehicle_manoeuvre:Going ahead other,|7375
speed_limit:30,vehicle_manoeuvre:Going ahead other,|8450
road_type:Single carriageway,urban_or_rural_area:Rural,vehicle_manoeuvre:Going ahead other,first_point_of_impact:Front,sex_of_driver:Male,|8257
road_type:Single carriageway,road_surface_conditions:Wet or damp,sex_of_driver:Male,sex_of_casualty:Male,|7947
road_type:Single carriageway,age_band_of_driver:Adult,sex_of_casualty:Male,age_band_of_casualty:Adult,|10328
road_type:Single carriageway,vehicle_manoeuvre:Going ahead other,first_point_of_impact:Front,sex_of_driver:Male,sex_of_casualty:Male,|9885
road_type:Single carriageway,sex_of_driver:Male,age_band_of_driver:Adult,driver_home_area_type:Urban area,|8420
road_type:Single carriageway,age_of_vehicle:≤9,sex_of_casualty:Male,casualty_severity:Fatal,|8798
light_conditions:Daylight,urban_or_rural_area:Rural,vehicle_manoeuvre:Going ahead other,first_point_of_impact:Front,|8439
sex_of_driver:Male,age_band_of_driver:Adult,age_of_vehicle:≤7,sex_of_casualty:Male,|7412
first_point_of_impact:Front,sex_of_driver:Male,age_band_of_driver:Adult,sex_of_casualty:Male,age_band_of_casualty:Adult,|9570
road_type:Single carriageway,age_of_vehicle:≤9,sex_of_casualty:Male,casualty_type:Car occupant,|8026
road_type:Single carriageway,age_band_of_driver:Adult,sex_of_casualty:Male,casualty_severity:Fatal,|7849
age_band_of_driver:Adult,age_of_vehicle:≤9,sex_of_casualty:Male,age_band_of_casualty:Adult,|8480
vehicle_manoeuvre:Going ahead other,first_point_of_impact:Front,sex_of_driver:Male,age_of_vehicle:≤7,|7629
road_type:Single carriageway,road_surface_conditions:Wet or damp,sex_of_casualty:Male,|8569
road_type:Single carriageway,road_surface_conditions:Wet or damp,casualty_type:Car occupant,|8514
road_type:Single carriageway,age_of_vehicle:≤9,age_band_of_casualty:Adult,|8822
first_point_of_impact:Front,sex_of_driver:Male,age_band_of_driver:Adult,age_band_of_casualty:Adult,|10566
road_surface_conditions:Wet or damp,vehicle_manoeuvre:Going ahead other,|8892
age_of_vehicle:≤9,driver_home_area_type:Urban area,sex_of_casualty:Male,|12094
road_type:Single carriageway,age_of_vehicle:≤9,casualty_severity:Fatal,|12094
first_point_of_impact:Front,sex_of_driver:Male,age_band_of_driver:Adult,casualty_severity:Fatal,|7935
urban_or_rural_area:Urban,sex_of_driver:Male,driver_home_area_type:Urban area,|9254
road_type:Single carriageway,age_of_vehicle:≤9,casualty_type:Car occupant,|13041
age_band_of_driver:Adult,age_of_vehicle:≤9,age_band_of_casualty:Adult,|11110
speed_limit:30,first_point_of_impact:Front,|8591
road_type:Single carriageway,age_band_of_driver:Adult,age_band_of_casualty:Adult,casualty_severity:Fatal,|7773
age_band_of_driver:Adult,age_of_vehicle:≤9,casualty_severity:Fatal,|8232
road_type:Single carriageway,age_band_of_driver:Adult,casualty_severity:Fatal,|10266
age_of_vehicle:≤9,driver_home_area_type:Urban area,age_band_of_casualty:Adult,|7508
urban_or_rural_area:Rural,vehicle_manoeuvre:Going ahead other,first_point_of_impact:Front,age_band_of_driver:Adult,|7689
age_band_of_driver:Adult,age_of_vehicle:≤9,casualty_type:Car occupant,|7444
junction_control:Give way or uncontrolled,sex_of_driver:Male,sex_of_casualty:Male,|9105
road_type:Single carriageway,age_band_of_driver:Adult,casualty_type:Car occupant,|9174
road_type:Single carriageway,speed_limit:60,light_conditions:Daylight,urban_or_rural_area:Rural,first_point_of_impact:Front,|9215
speed_limit:60,light_conditions:Daylight,urban_or_rural_area:Rural,first_point_of_impact:Front,sex_of_driver:Male,|7426
sex_of_driver:Male,age_band_of_driver:Adult,age_of_vehicle:≤9,driver_home_area_type:Urban area,|7665
road_type:Single carriageway,speed_limit:30,first_point_of_impact:Front,|7580
age_of_vehicle:≤9,driver_home_area_type:Urban area,casualty_severity:Fatal,|9691
age_of_vehicle:≤9,driver_home_area_type:Urban area,casualty_type:Car occupant,|9484
vehicle_manoeuvre:Going ahead other,first_point_of_impact:Front,sex_of_driver:Male,age_of_vehicle:≤9,sex_of_casualty:Male,|8259
road_type:Single carriageway,first_point_of_impact:Front,sex_of_driver:Male,age_of_vehicle:≤7,|9005
urban_or_rural_area:Urban,sex_of_driver:Male,sex_of_casualty:Male,|9299
road_type:Single carriageway,sex_of_driver:Male,age_band_of_driver:Adult,sex_of_casualty:Male,age_band_of_casualty:Adult,|10053
road_type:Single carriageway,vehicle_manoeuvre:Going ahead other,first_point_of_impact:Front,age_band_of_driver:Adult,|7995
urban_or_rural_area:Urban,sex_of_driver:Male,casualty_severity:Fatal,|8156
light_conditions:Daylight,urban_or_rural_area:Rural,vehicle_manoeuvre:Going ahead other,sex_of_driver:Male,|8803
road_type:Single carriageway,sex_of_driver:Male,age_band_of_driver:Adult,sex_of_casualty:Male,casualty_severity:Fatal,|7445
junction_control:Give way or uncontrolled,age_of_vehicle:≤9,|8236
age_of_vehicle:≤9,sex_of_casualty:Male,age_band_of_casualty:Adult,|9261
road_type:Single carriageway,first_point_of_impact:Front,sex_of_driver:Male,age_of_vehicle:≤9,sex_of_casualty:Male,|9945
road_type:Single carriageway,urban_or_rural_area:Rural,vehicle_manoeuvre:Going ahead other,sex_of_driver:Male,sex_of_casualty:Male,|8744
road_type:Single carriageway,sex_of_driver:Male,age_band_of_driver:Adult,age_band_of_casualty:Adult,|11022
urban_or_rural_area:Rural,vehicle_manoeuvre:Going ahead other,first_point_of_impact:Front,age_of_vehicle:≤9,|8859
age_of_vehicle:≤9,sex_of_casualty:Male,casualty_severity:Fatal,|11834
age_of_vehicle:≤9,sex_of_casualty:Male,casualty_type:Car occupant,|10681
junction_control:Give way or uncontrolled,driver_home_area_type:Urban area,|8318
light_conditions:Daylight,urban_or_rural_area:Rural,vehicle_manoeuvre:Going ahead other,sex_of_casualty:Male,|7552
urban_or_rural_area:Urban,age_of_vehicle:≤9,|8468
road_type:Single carriageway,sex_of_driver:Male,age_band_of_driver:Adult,casualty_severity:Fatal,|8639
road_type:Single carriageway,speed_limit:30,sex_of_driver:Male,|9469
sex_of_driver:Male,age_band_of_driver:Adult,age_of_vehicle:≤9,sex_of_casualty:Male,age_band_of_casualty:Adult,|8218
speed_limit:30,sex_of_driver:Male,driver_home_area_type:Urban area,|7758
age_of_vehicle:≤9,sex_of_casualty:Female,|9040
age_band_of_driver:Adult,driver_home_area_type:Urban area,sex_of_casualty:Male,age_band_of_casualty:Adult,|8542
road_type:Single carriageway,vehicle_manoeuvre:Going ahead other,first_point_of_impact:Front,age_of_vehicle:≤9,|9665
junction_control:Give way or uncontrolled,sex_of_casualty:Male,|9739
junction_control:Give way or uncontrolled,casualty_severity:Fatal,|8458
urban_or_rural_area:Rural,vehicle_manoeuvre:Going ahead other,first_point_of_impact:Front,sex_of_casualty:Male,|9820
road_surface_conditions:Wet or damp,first_point_of_impact:Front,sex_of_driver:Male,|8306
age_of_vehicle:≤9,age_band_of_casualty:Youth,|7550
road_type:Single carriageway,light_conditions:Daylight,urban_or_rural_area:Rural,first_point_of_impact:Front,sex_of_driver:Male,sex_of_casualty:Male,|7844
sex_of_driver:Male,age_band_of_driver:Adult,age_of_vehicle:≤9,age_band_of_casualty:Adult,|9095
urban_or_rural_area:Rural,vehicle_manoeuvre:Going ahead other,first_point_of_impact:Front,casualty_type:Car occupant,|8812
speed_limit:30,sex_of_driver:Male,sex_of_casualty:Male,|8386
vehicle_manoeuvre:Going ahead other,first_point_of_impact:Front,sex_of_driver:Male,driver_home_area_type:Urban area,sex_of_casualty:Male,|8058
road_type:Single carriageway,speed_limit:30,driver_home_area_type:Urban area,|7951
age_band_of_driver:Adult,driver_home_area_type:Urban area,age_band_of_casualty:Adult,|10892
speed_limit:30,sex_of_driver:Male,casualty_severity:Fatal,|7506
age_of_vehicle:≤9,age_band_of_casualty:Adult,|12334
age_band_of_driver:Adult,driver_home_area_type:Urban area,casualty_severity:Fatal,|8629
road_type:Single carriageway,urban_or_rural_area:Rural,vehicle_manoeuvre:Going ahead other,age_of_vehicle:≤9,|8112
urban_or_rural_area:Urban,driver_home_area_type:Urban area,sex_of_casualty:Male,|7767
speed_limit:60,light_conditions:Daylight,urban_or_rural_area:Rural,sex_of_driver:Male,sex_of_casualty:Male,|8478
road_type:Single carriageway,vehicle_manoeuvre:Going ahead other,first_point_of_impact:Front,driver_home_area_type:Urban area,|8595
urban_or_rural_area:Urban,driver_home_area_type:Urban area,casualty_severity:Fatal,|7400
age_of_vehicle:≤9,age_band_of_casualty:Senior,|7509
road_type:Single carriageway,speed_limit:30,sex_of_casualty:Male,|8048
first_point_of_impact:Front,sex_of_driver:Male,age_of_vehicle:≤5,|8780
age_of_vehicle:≤9,casualty_severity:Fatal,casualty_type:Car occupant,|7502
road_type:Single carriageway,speed_limit:30,casualty_severity:Fatal,|7828
age_of_vehicle:≤9,casualty_severity:Slight,|7997
age_of_vehicle:≤9,casualty_type:Car occupant,|17161
road_type:Single carriageway,speed_limit:60,light_conditions:Daylight,urban_or_rural_area:Rural,sex_of_driver:Male,sex_of_casualty:Male,|8172
road_type:Single carriageway,first_point_of_impact:Front,sex_of_driver:Male,driver_home_area_type:Urban area,sex_of_casualty:Male,|9263
speed_limit:30,age_of_vehicle:≤9,|7534
urban_or_rural_area:Urban,sex_of_casualty:Male,|10172
road_type:Single carriageway,urban_or_rural_area:Rural,vehicle_manoeuvre:Going ahead other,sex_of_casualty:Male,|9365
vehicle_manoeuvre:Going ahead other,first_point_of_impact:Front,sex_of_driver:Male,sex_of_casualty:Male,casualty_severity:Fatal,|7971
road_type:Single carriageway,urban_or_rural_area:Rural,vehicle_manoeuvre:Going ahead other,casualty_type:Car occupant,|8723
urban_or_rural_area:Urban,casualty_severity:Fatal,|9771
road_type:Single carriageway,vehicle_manoeuvre:Going ahead other,first_point_of_impact:Front,sex_of_casualty:Male,|10782
first_point_of_impact:Front,sex_of_driver:Male,age_of_vehicle:≤7,sex_of_casualty:Male,|9377
road_type:Single carriageway,light_conditions:Daylight,urban_or_rural_area:Rural,first_point_of_impact:Front,age_of_vehicle:≤9,|7483
age_band_of_driver:Adult,sex_of_casualty:Male,age_band_of_casualty:Adult,casualty_severity:Fatal,|8810
road_surface_conditions:Wet or damp,sex_of_driver:Male,sex_of_casualty:Male,|10300
road_type:Single carriageway,vehicle_manoeuvre:Going ahead other,first_point_of_impact:Front,casualty_severity:Fatal,|8563
age_band_of_driver:Adult,sex_of_casualty:Male,casualty_severity:Fatal,|10780
speed_limit:60,light_conditions:Daylight,urban_or_rural_area:Rural,age_of_vehicle:≤9,|7909
road_surface_conditions:Wet or damp,sex_of_driver:Male,casualty_type:Car occupant,|8035
road_type:Single carriageway,vehicle_manoeuvre:Going ahead other,first_point_of_impact:Front,casualty_type:Car occupant,|8371
age_band_of_driver:Adult,sex_of_casualty:Male,casualty_type:Car occupant,|8038
vehicle_manoeuvre:Going ahead other,first_point_of_impact:Front,sex_of_driver:Male,age_band_of_casualty:Adult,|7548
speed_limit:30,driver_home_area_type:Urban area,|9224
vehicle_manoeuvre:Going ahead other,first_point_of_impact:Front,sex_of_driver:Male,casualty_severity:Fatal,|9524
vehicle_manoeuvre:Going ahead other,first_point_of_impact:Front,sex_of_driver:Male,casualty_type:Car occupant,|8221
age_band_of_driver:Adult,age_band_of_casualty:Adult,casualty_severity:Fatal,|10645
road_type:Single carriageway,sex_of_driver:Male,age_of_vehicle:≤5,|9128
age_band_of_driver:Adult,age_band_of_casualty:Adult,casualty_type:Car occupant,|9721
speed_limit:30,sex_of_casualty:Male,|9176
sex_of_driver:Male,age_band_of_driver:Adult,driver_home_area_type:Urban area,sex_of_casualty:Male,age_band_of_casualty:Adult,|8316
age_band_of_driver:Adult,casualty_severity:Fatal,|14035
road_type:Single carriageway,speed_limit:60,light_conditions:Daylight,urban_or_rural_area:Rural,age_of_vehicle:≤9,|7683
speed_limit:60,light_conditions:Daylight,urban_or_rural_area:Rural,sex_of_casualty:Male,|8990
age_band_of_driver:Adult,casualty_type:Car occupant,|12519
road_type:Single carriageway,light_conditions:Daylight,urban_or_rural_area:Rural,first_point_of_impact:Front,sex_of_casualty:Male,|8321
speed_limit:30,casualty_severity:Fatal,|9041
speed_limit:60,light_conditions:Daylight,urban_or_rural_area:Rural,casualty_type:Car occupant,|8575
road_surface_conditions:Wet or damp,age_band_of_driver:Adult,|7728
road_type:Single carriageway,light_conditions:Daylight,urban_or_rural_area:Rural,first_point_of_impact:Front,casualty_type:Car occupant,|7426
road_type:Single carriageway,first_point_of_impact:Front,sex_of_driver:Male,sex_of_casualty:Male,age_band_of_casualty:Adult,|7842
road_type:Single carriageway,first_point_of_impact:Front,sex_of_driver:Male,sex_of_casualty:Male,casualty_severity:Fatal,|10020
urban_or_rural_area:Rural,vehicle_manoeuvre:Going ahead other,sex_of_driver:Male,age_band_of_driver:Adult,|8130
road_type:Single carriageway,sex_of_driver:Male,age_of_vehicle:≤7,sex_of_casualty:Male,|9862
road_type:Single carriageway,first_point_of_impact:Front,sex_of_driver:Male,sex_of_casualty:Male,casualty_type:Car occupant,|8649
sex_of_driver:Male,age_band_of_driver:Adult,driver_home_area_type:Urban area,age_band_of_casualty:Adult,|9224
sex_of_driver:Male,age_band_of_driver:Adult,driver_home_area_type:Urban area,casualty_severity:Fatal,|7404
light_conditions:Daylight,urban_or_rural_area:Rural,first_point_of_impact:Front,sex_of_driver:Male,sex_of_casualty:Male,|9366
first_point_of_impact:Front,sex_of_driver:Male,age_of_vehicle:≤9,driver_home_area_type:Urban area,sex_of_casualty:Male,|7761
road_surface_conditions:Wet or damp,age_of_vehicle:≤9,|9223
road_type:Single carriageway,speed_limit:60,light_conditions:Daylight,urban_or_rural_area:Rural,sex_of_casualty:Male,|8670
road_type:Single carriageway,speed_limit:60,light_conditions:Daylight,urban_or_rural_area:Rural,casualty_type:Car occupant,|8330
road_type:Single carriageway,first_point_of_impact:Front,sex_of_driver:Male,age_band_of_casualty:Adult,|8893
road_type:Single carriageway,first_point_of_impact:Front,sex_of_driver:Male,casualty_severity:Fatal,|11803
road_type:Single carriageway,first_point_of_impact:Front,sex_of_driver:Male,casualty_type:Car occupant,|10853
road_surface_conditions:Wet or damp,driver_home_area_type:Urban area,|8674
vehicle_manoeuvre:Going ahead other,first_point_of_impact:Front,age_band_of_driver:Adult,sex_of_casualty:Male,|7882
urban_or_rural_area:Rural,vehicle_manoeuvre:Going ahead other,sex_of_driver:Male,age_of_vehicle:≤9,|8961
first_point_of_impact:Front,sex_of_driver:Male,age_of_vehicle:≤9,sex_of_casualty:Male,casualty_severity:Fatal,|7451
road_surface_conditions:Wet or damp,sex_of_casualty:Male,|11073
road_surface_conditions:Wet or damp,casualty_severity:Fatal,|8768
road_surface_conditions:Wet or damp,casualty_type:Car occupant,|10631
first_point_of_impact:Front,sex_of_driver:Male,age_of_vehicle:≤9,casualty_severity:Fatal,|8917
road_type:Single carriageway,vehicle_manoeuvre:Going ahead other,sex_of_driver:Male,age_band_of_driver:Adult,|8143
sex_of_driver:Male,age_band_of_driver:Adult,sex_of_casualty:Male,age_band_of_casualty:Adult,casualty_severity:Fatal,|8606
first_point_of_impact:Front,sex_of_driver:Male,age_of_vehicle:≤9,casualty_type:Car occupant,|7982
light_conditions:Daylight,urban_or_rural_area:Rural,first_point_of_impact:Front,age_band_of_driver:Adult,|7808
vehicle_manoeuvre:Going ahead other,first_point_of_impact:Front,age_band_of_driver:Adult,age_band_of_casualty:Adult,|8080
road_type:Single carriageway,sex_of_driver:Male,age_of_vehicle:≤9,driver_home_area_type:Urban area,sex_of_casualty:Male,|7929
sex_of_driver:Male,age_band_of_driver:Adult,sex_of_casualty:Male,casualty_severity:Fatal,|10211
sex_of_driver:Male,age_band_of_driver:Adult,sex_of_casualty:Male,casualty_type:Car/Taxi Occupant,|7555
urban_or_rural_area:Rural,vehicle_manoeuvre:Going ahead other,sex_of_driver:Male,driver_home_area_type:Urban area,|7766
road_type:Single carriageway,speed_limit:60,light_conditions:Daylight,first_point_of_impact:Front,|9385
sex_of_driver:Male,age_band_of_driver:Adult,age_band_of_casualty:Adult,casualty_severity:Fatal,|9194
road_type:Single carriageway,light_conditions:Daylight,urban_or_rural_area:Rural,sex_of_driver:Male,age_of_vehicle:≤9,|7687
speed_limit:60,light_conditions:Daylight,first_point_of_impact:Front,sex_of_driver:Male,|7602
sex_of_driver:Male,age_band_of_driver:Adult,casualty_severity:Fatal,|11880
sex_of_driver:Male,age_band_of_driver:Adult,casualty_type:Car occupant,|9014
road_type:Single carriageway,sex_of_driver:Male,age_of_vehicle:≤9,sex_of_casualty:Male,casualty_severity:Fatal,|8171
road_type:Single carriageway,sex_of_driver:Male,age_of_vehicle:≤9,sex_of_casualty:Male,casualty_type:Car/Taxi Occupant,|7484
urban_or_rural_area:Rural,vehicle_manoeuvre:Going ahead other,sex_of_driver:Male,sex_of_casualty:Male,|12544
light_conditions:Daylight,urban_or_rural_area:Rural,first_point_of_impact:Front,age_of_vehicle:≤9,|8966
road_type:Single carriageway,urban_or_rural_area:Rural,first_point_of_impact:Front,sex_of_driver:Male,age_band_of_driver:Adult,|7729
road_type:Single carriageway,sex_of_driver:Male,age_of_vehicle:≤9,casualty_severity:Fatal,|9826
urban_or_rural_area:Rural,vehicle_manoeuvre:Going ahead other,sex_of_driver:Male,casualty_severity:Fatal,|8223
road_type:Single carriageway,sex_of_driver:Male,age_of_vehicle:≤9,casualty_type:Car occupant,|9320
urban_or_rural_area:Rural,vehicle_manoeuvre:Going ahead other,sex_of_driver:Male,casualty_type:Car occupant,|9040
road_type:Single carriageway,first_point_of_impact:Front,age_band_of_driver:Adult,age_of_vehicle:≤9,|8121
first_point_of_impact:Front,sex_of_driver:Male,driver_home_area_type:Urban area,sex_of_casualty:Male,casualty_severity:Fatal,|7489
road_type:Single carriageway,light_conditions:Daylight,urban_or_rural_area:Rural,sex_of_driver:Male,sex_of_casualty:Male,|10782
sex_of_driver:Male,age_band_of_driver:Senior,|8295
road_type:Single carriageway,light_conditions:Daylight,urban_or_rural_area:Rural,sex_of_driver:Male,casualty_type:Car occupant,|7386
first_point_of_impact:Front,sex_of_driver:Male,driver_home_area_type:Urban area,casualty_severity:Fatal,|8974
light_conditions:Daylight,urban_or_rural_area:Rural,first_point_of_impact:Front,sex_of_casualty:Male,|9942
road_type:Single carriageway,vehicle_manoeuvre:Going ahead other,sex_of_driver:Male,age_of_vehicle:≤9,sex_of_casualty:Male,|7620
first_point_of_impact:Front,sex_of_driver:Male,driver_home_area_type:Urban area,casualty_type:Car/Taxi Occupant,|7490
vehicle_manoeuvre:Going ahead other,first_point_of_impact:Front,age_of_vehicle:≤7,|9594
light_conditions:Daylight,urban_or_rural_area:Rural,first_point_of_impact:Front,casualty_type:Car occupant,|8817
road_type:Single carriageway,first_point_of_impact:Front,age_band_of_driver:Adult,driver_home_area_type:Urban area,|7409
road_type:Single carriageway,urban_or_rural_area:Rural,first_point_of_impact:Front,sex_of_driver:Male,age_of_vehicle:≤9,|9008
road_type:Single carriageway,speed_limit:60,light_conditions:Daylight,sex_of_driver:Male,sex_of_casualty:Male,|8317
speed_limit:60,light_conditions:Daylight,sex_of_driver:Male,sex_of_casualty:Male,|8675
vehicle_manoeuvre:Going ahead other,first_point_of_impact:Front,age_of_vehicle:≤9,driver_home_area_type:Urban area,|7848
urban_or_rural_area:Rural,vehicle_manoeuvre:Going ahead other,age_band_of_driver:Adult,age_band_of_casualty:Adult,|7996
road_type:Single carriageway,sex_of_driver:Male,driver_home_area_type:Urban area,sex_of_casualty:Male,casualty_severity:Fatal,|8262
first_point_of_impact:Front,sex_of_driver:Male,sex_of_casualty:Male,age_band_of_casualty:Adult,|10323
road_type:Single carriageway,light_conditions:Daylight,urban_or_rural_area:Rural,age_band_of_driver:Adult,|8615
road_type:Single carriageway,sex_of_driver:Male,driver_home_area_type:Urban area,casualty_severity:Fatal,|9923
first_point_of_impact:Front,sex_of_driver:Male,sex_of_casualty:Male,casualty_severity:Fatal,|12845
road_type:Single carriageway,sex_of_driver:Male,driver_home_area_type:Urban area,casualty_type:Car occupant,|8436
first_point_of_impact:Front,sex_of_driver:Male,sex_of_casualty:Male,casualty_type:Car occupant,|10947
road_type:Single carriageway,urban_or_rural_area:Rural,first_point_of_impact:Front,sex_of_driver:Male,sex_of_casualty:Male,|12471
vehicle_manoeuvre:Going ahead other,first_point_of_impact:Front,age_of_vehicle:≤9,sex_of_casualty:Male,|9016
road_type:Single carriageway,vehicle_manoeuvre:Going ahead other,sex_of_driver:Male,driver_home_area_type:Urban area,sex_of_casualty:Male,|7530
first_point_of_impact:Front,sex_of_driver:Male,age_band_of_casualty:Adult,|11737
road_type:Single carriageway,first_point_of_impact:Front,age_band_of_driver:Adult,sex_of_casualty:Male,age_band_of_casualty:Adult,|7516
road_type:Single carriageway,urban_or_rural_area:Rural,first_point_of_impact:Front,sex_of_driver:Male,casualty_severity:Fatal,|7948
speed_limit:60,light_conditions:Daylight,age_of_vehicle:≤9,|8083
road_type:Single carriageway,urban_or_rural_area:Rural,first_point_of_impact:Front,sex_of_driver:Male,casualty_type:Car occupant,|8963
first_point_of_impact:Front,sex_of_driver:Male,casualty_severity:Fatal,|15149
road_type:Single carriageway,speed_limit:60,light_conditions:Daylight,age_of_vehicle:≤9,|7827
first_point_of_impact:Front,sex_of_driver:Male,casualty_type:Car occupant,|13693
road_type:Single carriageway,first_point_of_impact:Front,age_band_of_driver:Adult,age_band_of_casualty:Adult,|9771
road_type:Single carriageway,sex_of_driver:Male,sex_of_casualty:Male,age_band_of_casualty:Youth,|7565
speed_limit:60,light_conditions:Daylight,sex_of_casualty:Male,|9195
speed_limit:60,light_conditions:Daylight,casualty_type:Car occupant,|8754
sex_of_driver:Male,age_of_vehicle:<3,|8233
road_type:Single carriageway,speed_limit:60,light_conditions:Daylight,sex_of_casualty:Male,|8822
road_type:Single carriageway,speed_limit:60,light_conditions:Daylight,casualty_type:Car occupant,|8471
road_type:Single carriageway,vehicle_manoeuvre:Going ahead other,sex_of_driver:Male,sex_of_casualty:Male,casualty_severity:Fatal,|8186
first_point_of_impact:Front,age_band_of_driver:Youth,|7959
road_type:Single carriageway,sex_of_driver:Male,sex_of_casualty:Male,age_band_of_casualty:Adult,|10794
urban_or_rural_area:Rural,vehicle_manoeuvre:Going ahead other,age_of_vehicle:≤7,|8385
road_type:Single carriageway,vehicle_manoeuvre:Going ahead other,sex_of_driver:Male,casualty_severity:Fatal,|9732
road_type:Single carriageway,vehicle_manoeuvre:Going ahead other,sex_of_driver:Male,casualty_type:Car occupant,|8298
road_type:Single carriageway,sex_of_driver:Male,sex_of_casualty:Male,casualty_severity:Fatal,|15085
road_type:Single carriageway,sex_of_driver:Male,sex_of_casualty:Male,casualty_type:Car occupant,|13276
vehicle_manoeuvre:Going ahead other,first_point_of_impact:Front,driver_home_area_type:Urban area,sex_of_casualty:Male,|8665
sex_of_driver:Male,age_of_vehicle:≤5,driver_home_area_type:Urban area,|7762
light_conditions:Daylight,urban_or_rural_area:Rural,sex_of_driver:Male,age_band_of_driver:Adult,sex_of_casualty:Male,|7442
road_type:Single carriageway,sex_of_driver:Male,age_band_of_casualty:Youth,|8941
road_type:Single carriageway,light_conditions:Daylight,urban_or_rural_area:Rural,age_of_vehicle:≤7,|7421
urban_or_rural_area:Rural,vehicle_manoeuvre:Going ahead other,age_of_vehicle:≤9,sex_of_casualty:Male,|7858
urban_or_rural_area:Rural,vehicle_manoeuvre:Going ahead other,age_of_vehicle:≤9,casualty_type:Car occupant,|7409
sex_of_driver:Male,age_of_vehicle:≤5,sex_of_casualty:Male,|10000
road_type:Single carriageway,urban_or_rural_area:Rural,first_point_of_impact:Front,age_band_of_driver:Adult,age_band_of_casualty:Adult,|7754
road_type:Single carriageway,sex_of_driver:Male,age_band_of_casualty:Adult,|12192
vehicle_manoeuvre:Going ahead other,first_point_of_impact:Front,sex_of_casualty:Male,casualty_severity:Fatal,|8685
road_type:Single carriageway,sex_of_driver:Male,casualty_severity:Fatal,casualty_type:Car occupant,|7772
road_type:Single carriageway,sex_of_driver:Male,casualty_type:Car occupant,|16505
vehicle_manoeuvre:Going ahead other,first_point_of_impact:Front,age_band_of_casualty:Adult,|9146
road_type:Single carriageway,light_conditions:Daylight,urban_or_rural_area:Rural,driver_home_area_type:Urban area,|7674
urban_or_rural_area:Rural,vehicle_manoeuvre:Going ahead other,driver_home_area_type:Urban area,|9447
vehicle_manoeuvre:Going ahead other,first_point_of_impact:Front,casualty_severity:Fatal,|11574
vehicle_manoeuvre:Going ahead other,first_point_of_impact:Front,casualty_type:Car occupant,|11127
road_type:Single carriageway,vehicle_manoeuvre:Going ahead other,age_band_of_driver:Adult,age_band_of_casualty:Adult,|7469
road_type:Single carriageway,light_conditions:Daylight,urban_or_rural_area:Rural,sex_of_casualty:Male,|11448
road_type:Single carriageway,first_point_of_impact:Front,age_of_vehicle:≤5,|8432
urban_or_rural_area:Rural,vehicle_manoeuvre:Going ahead other,sex_of_casualty:Male,casualty_severity:Fatal,|7573
urban_or_rural_area:Rural,vehicle_manoeuvre:Going ahead other,sex_of_casualty:Male,casualty_type:Car occupant,|7695
sex_of_driver:Male,age_of_vehicle:≤7,driver_home_area_type:Urban area,sex_of_casualty:Male,|8210
light_conditions:Daylight,urban_or_rural_area:Rural,sex_of_driver:Male,age_of_vehicle:≤9,sex_of_casualty:Male,|7931
road_type:Single carriageway,light_conditions:Daylight,urban_or_rural_area:Rural,age_band_of_casualty:Adult,|7373
first_point_of_impact:Front,age_band_of_driver:Adult,age_of_vehicle:≤7,|7965
urban_or_rural_area:Rural,vehicle_manoeuvre:Going ahead other,age_band_of_casualty:Adult,|8727
road_type:Single carriageway,light_conditions:Daylight,urban_or_rural_area:Rural,casualty_severity:Fatal,|8927
urban_or_rural_area:Rural,vehicle_manoeuvre:Going ahead other,casualty_severity:Fatal,|10006
road_type:Single carriageway,first_point_of_impact:Front,age_of_vehicle:≤7,sex_of_casualty:Male,|7789
road_type:Single carriageway,light_conditions:Daylight,urban_or_rural_area:Rural,casualty_type:Car occupant,|10647
urban_or_rural_area:Rural,vehicle_manoeuvre:Going ahead other,casualty_type:Car occupant,|12165
sex_of_driver:Male,age_of_vehicle:≤7,sex_of_casualty:Male,casualty_severity:Fatal,|7829
road_type:Single carriageway,urban_or_rural_area:Rural,first_point_of_impact:Front,age_of_vehicle:≤7,|8344
light_conditions:Daylight,urban_or_rural_area:Rural,sex_of_driver:Male,driver_home_area_type:Urban area,|8381
first_point_of_impact:Front,age_band_of_driver:Adult,age_of_vehicle:≤9,sex_of_casualty:Male,|7627
road_type:Single carriageway,vehicle_manoeuvre:Going ahead other,age_of_vehicle:≤7,|8888
sex_of_driver:Male,age_of_vehicle:≤7,age_band_of_casualty:Adult,|7512
sex_of_driver:Male,age_of_vehicle:≤7,casualty_severity:Fatal,|9486
road_type:Single carriageway,first_point_of_impact:Front,age_of_vehicle:≤9,driver_home_area_type:Urban area,|8857
sex_of_driver:Male,age_of_vehicle:≤7,casualty_type:Car occupant,|8294
speed_limit:60,urban_or_rural_area:Rural,vehicle_manoeuvre:Going ahead other,first_point_of_impact:Front,|7960
first_point_of_impact:Front,age_band_of_driver:Adult,age_of_vehicle:≤9,age_band_of_casualty:Adult,|7915
road_type:Single carriageway,vehicle_manoeuvre:Going ahead other,age_of_vehicle:≤9,sex_of_casualty:Male,|8315
road_type:Single carriageway,urban_or_rural_area:Rural,first_point_of_impact:Front,age_of_vehicle:≤9,sex_of_casualty:Male,|7858
road_type:Single carriageway,urban_or_rural_area:Rural,first_point_of_impact:Front,age_of_vehicle:≤9,casualty_type:Car/Taxi Occupant,|7400
light_conditions:Daylight,urban_or_rural_area:Rural,sex_of_driver:Male,sex_of_casualty:Male,casualty_severity:Fatal,|7950
vehicle_manoeuvre:Going ahead other,sex_of_driver:Male,age_band_of_driver:Adult,driver_home_area_type:Urban area,|7491
road_type:Single carriageway,first_point_of_impact:Front,age_of_vehicle:≤9,sex_of_casualty:Male,|10772
road_type:Single carriageway,first_point_of_impact:Front,age_of_vehicle:≤9,casualty_severity:Fatal,|8344
road_type:Single carriageway,first_point_of_impact:Front,age_of_vehicle:≤9,casualty_type:Car occupant,|8840
light_conditions:Daylight,urban_or_rural_area:Rural,sex_of_driver:Male,age_band_of_casualty:Adult,|7753
light_conditions:Daylight,urban_or_rural_area:Rural,sex_of_driver:Male,casualty_severity:Fatal,|9070
road_type:Single carriageway,urban_or_rural_area:Rural,first_point_of_impact:Front,driver_home_area_type:Urban area,|8621
light_conditions:Daylight,urban_or_rural_area:Rural,sex_of_driver:Male,casualty_type:Car occupant,|9436
road_type:Single carriageway,speed_limit:60,urban_or_rural_area:Rural,vehicle_manoeuvre:Going ahead other,first_point_of_impact:Front,|7689
sex_of_driver:Male,age_of_vehicle:≤9,driver_home_area_type:Urban area,sex_of_casualty:Male,|11254
sex_of_driver:Male,age_of_vehicle:≤9,driver_home_area_type:Urban area,casualty_severity:Fatal,|8131
speed_limit:60,urban_or_rural_area:Rural,vehicle_manoeuvre:Going ahead other,sex_of_driver:Male,|8114
first_point_of_impact:Front,age_band_of_driver:Adult,driver_home_area_type:Urban area,sex_of_casualty:Male,|7374
road_type:Single carriageway,vehicle_manoeuvre:Going ahead other,driver_home_area_type:Urban area,sex_of_casualty:Male,|8092
vehicle_manoeuvre:Going ahead other,sex_of_driver:Male,age_band_of_driver:Adult,sex_of_casualty:Male,age_band_of_casualty:Adult,|8173
road_type:Single carriageway,urban_or_rural_area:Rural,first_point_of_impact:Front,sex_of_casualty:Male,casualty_type:Car occupant,|7666
road_type:Single carriageway,light_conditions:Daylight,vehicle_manoeuvre:Going ahead other,first_point_of_impact:Front,|9139
first_point_of_impact:Front,age_band_of_driver:Adult,driver_home_area_type:Urban area,age_band_of_casualty:Adult,|7433
road_type:Single carriageway,first_point_of_impact:Front,driver_home_area_type:Urban area,sex_of_casualty:Male,|9906
vehicle_manoeuvre:Going ahead other,sex_of_driver:Male,age_band_of_driver:Adult,age_band_of_casualty:Adult,|9071
road_type:Single carriageway,first_point_of_impact:Front,driver_home_area_type:Urban area,casualty_severity:Fatal,|7854
road_type:Single carriageway,urban_or_rural_area:Rural,first_point_of_impact:Front,age_band_of_casualty:Adult,|8375
road_type:Single carriageway,vehicle_manoeuvre:Going ahead other,sex_of_casualty:Male,casualty_severity:Fatal,|8859
sex_of_driver:Male,age_of_vehicle:≤9,sex_of_casualty:Male,age_band_of_casualty:Adult,|8864
road_type:Single carriageway,urban_or_rural_area:Rural,first_point_of_impact:Front,casualty_severity:Fatal,|9600
road_type:Single carriageway,urban_or_rural_area:Rural,first_point_of_impact:Front,casualty_type:Car occupant,|12182
sex_of_driver:Male,age_of_vehicle:≤9,sex_of_casualty:Male,casualty_severity:Fatal,|11006
sex_of_driver:Male,age_of_vehicle:≤9,sex_of_casualty:Male,casualty_type:Car occupant,|9803
road_type:Single carriageway,vehicle_manoeuvre:Going ahead other,age_band_of_casualty:Adult,|8429
light_conditions:Daylight,urban_or_rural_area:Rural,age_band_of_driver:Adult,sex_of_casualty:Male,|7922
road_type:Single carriageway,vehicle_manoeuvre:Going ahead other,casualty_severity:Fatal,|11914
road_type:Single carriageway,speed_limit:60,urban_or_rural_area:Rural,vehicle_manoeuvre:Going ahead other,sex_of_driver:Male,|7750
road_type:Single carriageway,vehicle_manoeuvre:Going ahead other,casualty_type:Car occupant,|11257
first_point_of_impact:Front,age_band_of_driver:Adult,sex_of_casualty:Male,age_band_of_casualty:Adult,|9833
sex_of_driver:Male,age_of_vehicle:≤9,age_band_of_casualty:Adult,|10099
sex_of_driver:Male,age_of_vehicle:≤9,casualty_severity:Fatal,|13236
sex_of_driver:Male,age_of_vehicle:≤9,casualty_type:Car occupant,|12427
road_type:Single carriageway,light_conditions:Daylight,vehicle_manoeuvre:Going ahead other,sex_of_driver:Male,|9232
road_type:Single carriageway,first_point_of_impact:Front,sex_of_casualty:Male,age_band_of_casualty:Adult,|8182
light_conditions:Daylight,urban_or_rural_area:Rural,age_band_of_driver:Adult,age_band_of_casualty:Adult,|8982
first_point_of_impact:Front,age_band_of_driver:Adult,age_band_of_casualty:Adult,|12646
road_type:Single carriageway,first_point_of_impact:Front,sex_of_casualty:Male,casualty_severity:Fatal,|10723
road_type:Single carriageway,first_point_of_impact:Front,sex_of_casualty:Male,casualty_type:Car occupant,|9328
first_point_of_impact:Front,age_band_of_driver:Adult,casualty_severity:Fatal,|9296
first_point_of_impact:Front,age_band_of_driver:Adult,casualty_type:Car occupant,|8254
sex_of_driver:Male,age_of_vehicle:10-19,|8596
road_type:Single carriageway,light_conditions:Daylight,vehicle_manoeuvre:Going ahead other,sex_of_casualty:Male,|7881
urban_or_rural_area:Rural,first_point_of_impact:Front,sex_of_driver:Male,age_band_of_driver:Adult,sex_of_casualty:Male,age_band_of_casualty:Adult,|7407
road_type:Single carriageway,first_point_of_impact:Front,sex_of_casualty:Female,|7677
road_type:Single carriageway,first_point_of_impact:Front,age_band_of_casualty:Adult,|10837
urban_or_rural_area:Rural,first_point_of_impact:Front,sex_of_driver:Male,age_band_of_driver:Adult,age_band_of_casualty:Adult,|8135
road_type:Single carriageway,first_point_of_impact:Front,casualty_severity:Fatal,|14285
road_type:Single carriageway,first_point_of_impact:Front,casualty_type:Car occupant,|14675
vehicle_manoeuvre:Going ahead other,sex_of_driver:Male,age_of_vehicle:≤5,|7387
speed_limit:60,urban_or_rural_area:Rural,first_point_of_impact:Front,sex_of_driver:Male,sex_of_casualty:Male,|9571
light_conditions:Daylight,urban_or_rural_area:Rural,age_of_vehicle:≤7,|9442
sex_of_driver:Male,driver_home_area_type:Urban area,sex_of_casualty:Male,age_band_of_casualty:Adult,|8960
vehicle_manoeuvre:Going ahead other,sex_of_driver:Male,age_of_vehicle:≤7,sex_of_casualty:Male,|7926
sex_of_driver:Male,driver_home_area_type:Urban area,sex_of_casualty:Male,casualty_severity:Fatal,|11539
sex_of_driver:Male,driver_home_area_type:Urban area,sex_of_casualty:Male,casualty_type:Car occupant,|9491
light_conditions:Daylight,urban_or_rural_area:Rural,age_of_vehicle:≤9,sex_of_casualty:Male,|8522
light_conditions:Daylight,urban_or_rural_area:Rural,age_of_vehicle:≤9,casualty_type:Car occupant,|8272
sex_of_driver:Male,driver_home_area_type:Urban area,age_band_of_casualty:Adult,|10257
sex_of_driver:Male,driver_home_area_type:Urban area,casualty_severity:Fatal,|13840
first_point_of_impact:Front,age_of_vehicle:≤5,sex_of_casualty:Male,|7578
sex_of_driver:Male,driver_home_area_type:Urban area,casualty_type:Car occupant,|11927
speed_limit:60,urban_or_rural_area:Rural,first_point_of_impact:Front,age_band_of_driver:Adult,|7557
road_type:Single carriageway,urban_or_rural_area:Rural,sex_of_driver:Male,age_band_of_driver:Adult,sex_of_casualty:Male,age_band_of_casualty:Adult,|7748
vehicle_manoeuvre:Going ahead other,sex_of_driver:Male,age_of_vehicle:≤9,driver_home_area_type:Urban area,|8535
light_conditions:Daylight,urban_or_rural_area:Rural,driver_home_area_type:Urban area,|10412
first_point_of_impact:Front,age_of_vehicle:≤7,driver_home_area_type:Urban area,|8719
urban_or_rural_area:Rural,first_point_of_impact:Front,sex_of_driver:Male,age_of_vehicle:≤7,|8280
road_type:Single carriageway,urban_or_rural_area:Rural,sex_of_driver:Male,age_band_of_driver:Adult,age_band_of_casualty:Adult,|8465
sex_of_driver:Male,sex_of_casualty:Male,age_band_of_casualty:Youth,|9568
vehicle_manoeuvre:Going ahead other,sex_of_driver:Male,age_of_vehicle:≤9,sex_of_casualty:Male,|10918
road_type:Single carriageway,speed_limit:60,urban_or_rural_area:Rural,first_point_of_impact:Front,sex_of_driver:Male,sex_of_casualty:Male,|9280
light_conditions:Daylight,urban_or_rural_area:Rural,sex_of_casualty:Male,casualty_severity:Fatal,|8290
vehicle_manoeuvre:Going ahead other,sex_of_driver:Male,age_of_vehicle:≤9,casualty_severity:Fatal,|7702
light_conditions:Daylight,urban_or_rural_area:Rural,sex_of_casualty:Male,casualty_type:Car occupant,|7968
first_point_of_impact:Front,age_of_vehicle:≤7,sex_of_casualty:Male,|10136
speed_limit:60,urban_or_rural_area:Rural,first_point_of_impact:Front,age_of_vehicle:≤9,|8872
first_point_of_impact:Front,age_of_vehicle:≤7,casualty_severity:Fatal,|7765
sex_of_driver:Male,sex_of_casualty:Male,age_band_of_casualty:Adult,casualty_severity:Fatal,|9272
first_point_of_impact:Front,age_of_vehicle:≤7,casualty_type:Car occupant,|7667
light_conditions:Daylight,urban_or_rural_area:Rural,age_band_of_casualty:Adult,|9547
urban_or_rural_area:Rural,first_point_of_impact:Front,sex_of_driver:Male,age_of_vehicle:≤9,sex_of_casualty:Male,|9370
sex_of_driver:Male,sex_of_casualty:Male,casualty_severity:Fatal,casualty_type:Car occupant,|8703
light_conditions:Daylight,urban_or_rural_area:Rural,casualty_severity:Fatal,|11182
light_conditions:Daylight,urban_or_rural_area:Rural,casualty_type:Car occupant,|13450
sex_of_driver:Male,sex_of_casualty:Male,casualty_severity:Slight,|7585
sex_of_driver:Male,sex_of_casualty:Male,casualty_type:Car occupant,|17440
speed_limit:60,urban_or_rural_area:Rural,first_point_of_impact:Front,sex_of_casualty:Male,|10136
speed_limit:60,urban_or_rural_area:Rural,first_point_of_impact:Front,casualty_type:Car occupant,|9639
road_type:Single carriageway,light_conditions:Daylight,first_point_of_impact:Front,sex_of_driver:Male,age_of_vehicle:≤9,|7546
sex_of_driver:Male,sex_of_casualty:Female,|7427
road_type:Single carriageway,speed_limit:60,urban_or_rural_area:Rural,first_point_of_impact:Front,age_of_vehicle:≤9,|8619
sex_of_driver:Male,age_band_of_casualty:Youth,casualty_type:Car occupant,|7973
vehicle_manoeuvre:Going ahead other,sex_of_driver:Male,driver_home_area_type:Urban area,sex_of_casualty:Male,|11232
vehicle_manoeuvre:Going ahead other,sex_of_driver:Male,driver_home_area_type:Urban area,casualty_severity:Fatal,|8298
sex_of_driver:Male,age_band_of_casualty:Adult,casualty_severity:Fatal,|10141
first_point_of_impact:Front,age_of_vehicle:≤9,driver_home_area_type:Urban area,sex_of_casualty:Male,|8354
road_type:Single carriageway,light_conditions:Daylight,first_point_of_impact:Front,sex_of_driver:Male,sex_of_casualty:Male,|9936
sex_of_driver:Male,age_band_of_casualty:Adult,casualty_type:Car occupant,|7854
road_type:Single carriageway,urban_or_rural_area:Rural,sex_of_driver:Male,age_of_vehicle:≤7,|8742
sex_of_driver:Male,age_band_of_casualty:Senior,|9276
road_type:Single carriageway,speed_limit:60,urban_or_rural_area:Rural,first_point_of_impact:Front,sex_of_casualty:Male,|9831
sex_of_driver:Male,casualty_severity:Fatal,casualty_type:Car occupant,|10248
urban_or_rural_area:Rural,first_point_of_impact:Front,sex_of_driver:Male,driver_home_area_type:Urban area,sex_of_casualty:Male,|7820
road_type:Single carriageway,speed_limit:60,urban_or_rural_area:Rural,first_point_of_impact:Front,casualty_type:Car occupant,|9374
sex_of_driver:Male,casualty_severity:Slight,|9735
sex_of_driver:Male,casualty_type:Car occupant,|21760
first_point_of_impact:Front,age_of_vehicle:≤9,sex_of_casualty:Male,casualty_severity:Fatal,|8033
vehicle_manoeuvre:Going ahead other,sex_of_driver:Male,sex_of_casualty:Male,age_band_of_casualty:Adult,|8900
road_type:Single carriageway,urban_or_rural_area:Rural,sex_of_driver:Male,age_of_vehicle:≤9,sex_of_casualty:Male,|10010
vehicle_manoeuvre:Going ahead other,sex_of_driver:Male,sex_of_casualty:Male,casualty_severity:Fatal,|11512
road_type:Single carriageway,urban_or_rural_area:Rural,sex_of_driver:Male,age_of_vehicle:≤9,casualty_type:Car occupant,|7469
vehicle_manoeuvre:Going ahead other,sex_of_driver:Male,sex_of_casualty:Male,casualty_type:Car occupant,|9394
first_point_of_impact:Front,age_of_vehicle:≤9,age_band_of_casualty:Adult,|8792
road_type:Single carriageway,light_conditions:Daylight,first_point_of_impact:Front,age_band_of_driver:Adult,|8238
first_point_of_impact:Front,age_of_vehicle:≤9,casualty_severity:Fatal,|10820
first_point_of_impact:Front,age_of_vehicle:≤9,casualty_type:Car occupant,|11086
speed_limit:60,urban_or_rural_area:Rural,sex_of_driver:Male,age_band_of_driver:Adult,|8008
vehicle_manoeuvre:Going ahead other,sex_of_driver:Male,age_band_of_casualty:Adult,|10194
vehicle_manoeuvre:Going ahead other,sex_of_driver:Male,casualty_severity:Fatal,|13650
urban_or_rural_area:Rural,first_point_of_impact:Front,sex_of_driver:Male,sex_of_casualty:Male,age_band_of_casualty:Adult,|7841
vehicle_manoeuvre:Going ahead other,sex_of_driver:Male,casualty_type:Car occupant,|11832
urban_or_rural_area:Rural,first_point_of_impact:Front,sex_of_driver:Male,sex_of_casualty:Male,casualty_severity:Fatal,|8820
urban_or_rural_area:Rural,first_point_of_impact:Front,sex_of_driver:Male,sex_of_casualty:Male,casualty_type:Car occupant,|8837
road_type:Single carriageway,light_conditions:Daylight,first_point_of_impact:Front,age_of_vehicle:≤9,|9683
urban_or_rural_area:Rural,first_point_of_impact:Front,sex_of_driver:Male,age_band_of_casualty:Adult,|8819
first_point_of_impact:Front,driver_home_area_type:Urban area,sex_of_casualty:Male,casualty_severity:Fatal,|7981
urban_or_rural_area:Rural,first_point_of_impact:Front,sex_of_driver:Male,casualty_severity:Fatal,|9991
light_conditions:Daylight,vehicle_manoeuvre:Going ahead other,first_point_of_impact:Front,sex_of_driver:Male,|9248
road_type:Single carriageway,urban_or_rural_area:Rural,sex_of_driver:Male,driver_home_area_type:Urban area,sex_of_casualty:Male,|8134
urban_or_rural_area:Rural,first_point_of_impact:Front,sex_of_driver:Male,casualty_type:Car occupant,|11130
first_point_of_impact:Front,driver_home_area_type:Urban area,age_band_of_casualty:Adult,|8293
first_point_of_impact:Front,driver_home_area_type:Urban area,casualty_severity:Fatal,|10515
first_point_of_impact:Front,driver_home_area_type:Urban area,casualty_type:Car occupant,|9553
road_type:Single carriageway,light_conditions:Daylight,first_point_of_impact:Front,driver_home_area_type:Urban area,|8310
speed_limit:60,urban_or_rural_area:Rural,sex_of_driver:Male,age_of_vehicle:≤9,sex_of_casualty:Male,|7771
vehicle_manoeuvre:Going ahead other,age_band_of_driver:Adult,age_of_vehicle:≤9,|9100
road_type:Single carriageway,speed_limit:60,urban_or_rural_area:Rural,sex_of_driver:Male,age_band_of_driver:Adult,|7694
road_type:Single carriageway,light_conditions:Daylight,first_point_of_impact:Front,sex_of_casualty:Male,|10626
light_conditions:Daylight,vehicle_manoeuvre:Going ahead other,first_point_of_impact:Front,age_of_vehicle:≤9,|7429
first_point_of_impact:Front,sex_of_casualty:Male,age_band_of_casualty:Adult,|10767
road_type:Single carriageway,urban_or_rural_area:Rural,sex_of_driver:Male,sex_of_casualty:Male,age_band_of_casualty:Adult,|8165
road_type:Single carriageway,light_conditions:Daylight,first_point_of_impact:Front,casualty_severity:Fatal,|8564
first_point_of_impact:Front,sex_of_casualty:Male,casualty_severity:Fatal,|13763
first_point_of_impact:Front,sex_of_casualty:Male,casualty_type:Car occupant,|11776
road_type:Single carriageway,light_conditions:Daylight,first_point_of_impact:Front,casualty_type:Car occupant,|8438
road_type:Single carriageway,urban_or_rural_area:Rural,sex_of_driver:Male,sex_of_casualty:Male,casualty_severity:Fatal,|10362
vehicle_manoeuvre:Going ahead other,age_band_of_driver:Adult,driver_home_area_type:Urban area,|9031
road_type:Single carriageway,urban_or_rural_area:Rural,sex_of_driver:Male,sex_of_casualty:Male,casualty_type:Car occupant,|10617
speed_limit:60,urban_or_rural_area:Rural,sex_of_driver:Male,driver_home_area_type:Urban area,|7404
first_point_of_impact:Front,sex_of_casualty:Female,|9424
light_conditions:Daylight,vehicle_manoeuvre:Going ahead other,first_point_of_impact:Front,sex_of_casualty:Male,|7850
first_point_of_impact:Front,age_band_of_casualty:Youth,|8274
road_type:Single carriageway,urban_or_rural_area:Rural,sex_of_driver:Male,age_band_of_casualty:Adult,|9142
urban_or_rural_area:Rural,first_point_of_impact:Front,age_band_of_driver:Adult,age_of_vehicle:≤9,|7764
road_type:Single carriageway,urban_or_rural_area:Rural,sex_of_driver:Male,casualty_severity:Fatal,|11740
road_type:Single carriageway,urban_or_rural_area:Rural,sex_of_driver:Male,casualty_type:Car occupant,|13255
first_point_of_impact:Front,age_band_of_casualty:Adult,casualty_severity:Fatal,|7933
vehicle_manoeuvre:Going ahead other,age_band_of_driver:Adult,sex_of_casualty:Male,age_band_of_casualty:Adult,|8434
speed_limit:60,urban_or_rural_area:Rural,sex_of_driver:Male,sex_of_casualty:Male,casualty_severity:Fatal,|7863
speed_limit:60,urban_or_rural_area:Rural,sex_of_driver:Male,sex_of_casualty:Male,casualty_type:Car occupant,|8357
first_point_of_impact:Front,age_band_of_casualty:Senior,|8023
first_point_of_impact:Front,casualty_severity:Fatal,casualty_type:Car occupant,|7783
speed_limit:60,urban_or_rural_area:Rural,sex_of_driver:Male,casualty_severity:Fatal,|8811
speed_limit:60,urban_or_rural_area:Rural,sex_of_driver:Male,casualty_type:Car occupant,|10436
first_point_of_impact:Front,casualty_severity:Slight,|8316
vehicle_manoeuvre:Going ahead other,age_band_of_driver:Adult,age_band_of_casualty:Adult,|10911
first_point_of_impact:Front,casualty_type:Car occupant,|18256
road_type:Single carriageway,speed_limit:60,urban_or_rural_area:Rural,sex_of_driver:Male,age_of_vehicle:≤9,sex_of_casualty:Male,|7513
vehicle_manoeuvre:Going ahead other,age_band_of_driver:Adult,casualty_severity:Fatal,|8282
urban_or_rural_area:Rural,first_point_of_impact:Front,age_band_of_driver:Adult,sex_of_casualty:Male,age_band_of_casualty:Adult,|7594
road_type:Single carriageway,light_conditions:Daylight,sex_of_driver:Male,age_band_of_driver:Adult,|8928
light_conditions:Daylight,vehicle_manoeuvre:Going ahead other,sex_of_driver:Male,age_of_vehicle:≤9,|7487
urban_or_rural_area:Rural,first_point_of_impact:Front,age_band_of_driver:Adult,age_band_of_casualty:Adult,|9842
road_type:Single carriageway,speed_limit:60,urban_or_rural_area:Rural,sex_of_driver:Male,sex_of_casualty:Male,casualty_severity:Fatal,|7551
road_type:Single carriageway,speed_limit:60,urban_or_rural_area:Rural,sex_of_driver:Male,sex_of_casualty:Male,casualty_type:Car occupant,|8083
speed_limit:60,urban_or_rural_area:Rural,age_band_of_driver:Adult,age_band_of_casualty:Adult,|8235
road_type:Single carriageway,speed_limit:60,urban_or_rural_area:Rural,sex_of_driver:Male,casualty_severity:Fatal,|8459
road_type:Single carriageway,urban_or_rural_area:Rural,age_band_of_driver:Adult,age_of_vehicle:≤9,|7787
road_type:Single carriageway,speed_limit:60,urban_or_rural_area:Rural,sex_of_driver:Male,casualty_type:Car occupant,|10094
light_conditions:Daylight,vehicle_manoeuvre:Going ahead other,sex_of_driver:Male,driver_home_area_type:Urban area,|7385
vehicle_manoeuvre:Going ahead other,age_of_vehicle:≤5,|9182
light_conditions:Daylight,vehicle_manoeuvre:Going ahead other,sex_of_driver:Male,sex_of_casualty:Male,|9967
road_type:Single carriageway,urban_or_rural_area:Rural,age_band_of_driver:Adult,sex_of_casualty:Male,age_band_of_casualty:Adult,|7942
vehicle_manoeuvre:Going ahead other,age_of_vehicle:≤7,driver_home_area_type:Urban area,|7573
road_type:Single carriageway,light_conditions:Daylight,sex_of_driver:Male,age_of_vehicle:≤7,|7599
road_type:Single carriageway,urban_or_rural_area:Rural,age_band_of_driver:Adult,age_band_of_casualty:Adult,|10433
speed_limit:60,urban_or_rural_area:Rural,age_of_vehicle:≤7,|8752
road_type:Single carriageway,urban_or_rural_area:Rural,age_band_of_driver:Adult,casualty_type:Car occupant,|7627
road_type:Single carriageway,speed_limit:60,urban_or_rural_area:Rural,age_band_of_driver:Adult,age_band_of_casualty:Adult,|7930
vehicle_manoeuvre:Going ahead other,age_of_vehicle:≤7,sex_of_casualty:Male,|8601
urban_or_rural_area:Rural,first_point_of_impact:Front,age_of_vehicle:≤5,|7873
road_type:Single carriageway,light_conditions:Daylight,sex_of_driver:Male,age_of_vehicle:≤9,sex_of_casualty:Male,|8053
light_conditions:Daylight,vehicle_manoeuvre:Going ahead other,age_band_of_driver:Adult,|8477
speed_limit:60,urban_or_rural_area:Rural,age_of_vehicle:≤9,sex_of_casualty:Male,|8303
speed_limit:60,urban_or_rural_area:Rural,age_of_vehicle:≤9,casualty_type:Car occupant,|8395
vehicle_manoeuvre:Going ahead other,age_of_vehicle:≤9,driver_home_area_type:Urban area,|10400
urban_or_rural_area:Rural,first_point_of_impact:Front,age_of_vehicle:≤9,driver_home_area_type:Urban area,|7434
light_conditions:Daylight,vehicle_manoeuvre:Going ahead other,age_of_vehicle:≤9,|9597
speed_limit:60,urban_or_rural_area:Rural,driver_home_area_type:Urban area,|9035
vehicle_manoeuvre:Going ahead other,age_of_vehicle:≤9,sex_of_casualty:Male,|11852
vehicle_manoeuvre:Going ahead other,age_of_vehicle:≤9,age_band_of_casualty:Adult,|7414
road_type:Single carriageway,light_conditions:Daylight,sex_of_driver:Male,driver_home_area_type:Urban area,sex_of_casualty:Male,|7591
urban_or_rural_area:Rural,first_point_of_impact:Front,age_of_vehicle:≤9,sex_of_casualty:Male,|10036
vehicle_manoeuvre:Going ahead other,age_of_vehicle:≤9,casualty_severity:Fatal,|9402
urban_or_rural_area:Rural,first_point_of_impact:Front,age_of_vehicle:≤9,casualty_type:Car occupant,|9130
vehicle_manoeuvre:Going ahead other,age_of_vehicle:≤9,casualty_type:Car occupant,|9533
light_conditions:Daylight,vehicle_manoeuvre:Going ahead other,driver_home_area_type:Urban area,|9123
speed_limit:60,urban_or_rural_area:Rural,sex_of_casualty:Male,casualty_severity:Fatal,|8185
speed_limit:60,urban_or_rural_area:Rural,sex_of_casualty:Male,casualty_type:Car occupant,|9005
road_type:Single carriageway,speed_limit:60,urban_or_rural_area:Rural,age_of_vehicle:≤7,|8503
road_type:Single carriageway,urban_or_rural_area:Rural,age_of_vehicle:≤5,|8257
speed_limit:60,urban_or_rural_area:Rural,age_band_of_casualty:Adult,|8872
light_conditions:Daylight,vehicle_manoeuvre:Going ahead other,sex_of_casualty:Male,|10708
speed_limit:60,urban_or_rural_area:Rural,casualty_severity:Fatal,|10749
speed_limit:60,urban_or_rural_area:Rural,casualty_type:Car occupant,|14109
light_conditions:Daylight,vehicle_manoeuvre:Going ahead other,casualty_severity:Fatal,|8836
road_type:Single carriageway,light_conditions:Daylight,sex_of_driver:Male,sex_of_casualty:Male,casualty_severity:Fatal,|8794
light_conditions:Daylight,vehicle_manoeuvre:Going ahead other,casualty_type:Car occupant,|8315
road_type:Single carriageway,speed_limit:60,urban_or_rural_area:Rural,age_of_vehicle:≤9,sex_of_casualty:Male,|8030
road_type:Single carriageway,speed_limit:60,urban_or_rural_area:Rural,age_of_vehicle:≤9,casualty_type:Car occupant,|8129
road_type:Single carriageway,urban_or_rural_area:Rural,age_of_vehicle:≤7,sex_of_casualty:Male,|7616
road_type:Single carriageway,light_conditions:Daylight,sex_of_driver:Male,age_band_of_casualty:Adult,|7422
urban_or_rural_area:Rural,first_point_of_impact:Front,driver_home_area_type:Urban area,sex_of_casualty:Male,|8270
vehicle_manoeuvre:Going ahead other,driver_home_area_type:Urban area,sex_of_casualty:Male,casualty_severity:Fatal,|7370
road_type:Single carriageway,light_conditions:Daylight,sex_of_driver:Male,casualty_severity:Fatal,|10465
road_type:Single carriageway,light_conditions:Daylight,sex_of_driver:Male,casualty_type:Car occupant,|8506
vehicle_manoeuvre:Going ahead other,driver_home_area_type:Urban area,age_band_of_casualty:Adult,|7402
road_type:Single carriageway,speed_limit:60,urban_or_rural_area:Rural,driver_home_area_type:Urban area,|8656
road_type:Single carriageway,urban_or_rural_area:Rural,age_of_vehicle:≤9,driver_home_area_type:Urban area,|7534
vehicle_manoeuvre:Going ahead other,driver_home_area_type:Urban area,casualty_severity:Fatal,|9771
vehicle_manoeuvre:Going ahead other,driver_home_area_type:Urban area,casualty_type:Car occupant,|8592
urban_or_rural_area:Rural,first_point_of_impact:Front,sex_of_casualty:Male,age_band_of_casualty:Adult,|8119
urban_or_rural_area:Rural,first_point_of_impact:Front,sex_of_casualty:Male,casualty_severity:Fatal,|9254
road_type:Single carriageway,urban_or_rural_area:Rural,age_of_vehicle:≤9,sex_of_casualty:Male,|10723
urban_or_rural_area:Rural,first_point_of_impact:Front,sex_of_casualty:Male,casualty_type:Car occupant,|9533
road_type:Single carriageway,urban_or_rural_area:Rural,age_of_vehicle:≤9,casualty_severity:Fatal,|7987
road_type:Single carriageway,speed_limit:60,urban_or_rural_area:Rural,sex_of_casualty:Male,casualty_severity:Fatal,|7861
road_type:Single carriageway,urban_or_rural_area:Rural,age_of_vehicle:≤9,casualty_type:Car occupant,|10551
road_type:Single carriageway,speed_limit:60,urban_or_rural_area:Rural,sex_of_casualty:Male,casualty_type:Car occupant,|8714
vehicle_manoeuvre:Going ahead other,sex_of_casualty:Male,age_band_of_casualty:Adult,|9339
urban_or_rural_area:Rural,first_point_of_impact:Front,age_band_of_casualty:Adult,|10671
vehicle_manoeuvre:Going ahead other,sex_of_casualty:Male,casualty_severity:Fatal,|12414
vehicle_manoeuvre:Going ahead other,sex_of_casualty:Male,casualty_type:Car occupant,|10113
urban_or_rural_area:Rural,first_point_of_impact:Front,casualty_severity:Fatal,|12021
road_type:Single carriageway,light_conditions:Daylight,age_band_of_driver:Adult,sex_of_casualty:Male,|7855
urban_or_rural_area:Rural,first_point_of_impact:Front,casualty_type:Car occupant,|14973
speed_limit:60,vehicle_manoeuvre:Going ahead other,first_point_of_impact:Front,|8216
road_type:Single carriageway,speed_limit:60,urban_or_rural_area:Rural,age_band_of_casualty:Adult,|8545
road_type:Single carriageway,speed_limit:60,urban_or_rural_area:Rural,casualty_severity:Fatal,|10350
road_type:Single carriageway,speed_limit:60,urban_or_rural_area:Rural,casualty_type:Car occupant,|13672
vehicle_manoeuvre:Going ahead other,sex_of_casualty:Female,|8275
road_type:Single carriageway,light_conditions:Daylight,age_band_of_driver:Adult,age_band_of_casualty:Adult,|8543
vehicle_manoeuvre:Going ahead other,age_band_of_casualty:Adult,|12307
vehicle_manoeuvre:Going ahead other,casualty_severity:Fatal,|16510
vehicle_manoeuvre:Going ahead other,casualty_type:Car occupant,|15670
road_type:Single carriageway,urban_or_rural_area:Rural,driver_home_area_type:Urban area,sex_of_casualty:Male,|8589
road_type:Single carriageway,urban_or_rural_area:Rural,driver_home_area_type:Urban area,casualty_type:Car occupant,|7793
speed_limit:60,vehicle_manoeuvre:Going ahead other,sex_of_driver:Male,|8373
light_conditions:Daylight,first_point_of_impact:Front,sex_of_driver:Male,age_band_of_driver:Adult,|8201
road_type:Single carriageway,urban_or_rural_area:Rural,sex_of_casualty:Male,age_band_of_casualty:Adult,|8464
road_type:Single carriageway,light_conditions:Daylight,age_of_vehicle:≤7,|9845
road_type:Single carriageway,urban_or_rural_area:Rural,sex_of_casualty:Male,casualty_severity:Fatal,|10843
road_type:Single carriageway,urban_or_rural_area:Rural,sex_of_casualty:Male,casualty_type:Car occupant,|11442
light_conditions:Daylight,first_point_of_impact:Front,sex_of_driver:Male,age_of_vehicle:≤9,|9343
road_type:Single carriageway,urban_or_rural_area:Rural,sex_of_casualty:Female,|7893
road_type:Single carriageway,light_conditions:Daylight,age_of_vehicle:≤9,driver_home_area_type:Urban area,|7479
urban_or_rural_area:Rural,sex_of_driver:Male,age_band_of_driver:Adult,age_of_vehicle:≤9,|8464
road_type:Single carriageway,urban_or_rural_area:Rural,age_band_of_casualty:Youth,|7477
light_conditions:Daylight,first_point_of_impact:Front,sex_of_driver:Male,driver_home_area_type:Urban area,|8681
road_type:Single carriageway,speed_limit:60,vehicle_manoeuvre:Going ahead other,first_point_of_impact:Front,|7904
road_type:Single carriageway,urban_or_rural_area:Rural,age_band_of_casualty:Adult,|11281
road_type:Single carriageway,light_conditions:Daylight,age_of_vehicle:≤9,sex_of_casualty:Male,|8713
road_type:Single carriageway,urban_or_rural_area:Rural,casualty_severity:Fatal,casualty_type:Car occupant,|8343
road_type:Single carriageway,light_conditions:Daylight,age_of_vehicle:≤9,casualty_type:Car occupant,|7539
road_type:Single carriageway,urban_or_rural_area:Rural,casualty_type:Car occupant,|17869
light_conditions:Daylight,first_point_of_impact:Front,sex_of_driver:Male,sex_of_casualty:Male,|12163
urban_or_rural_area:Rural,sex_of_driver:Male,age_band_of_driver:Adult,driver_home_area_type:Urban area,|7683
speed_limit:60,first_point_of_impact:Front,sex_of_driver:Male,sex_of_casualty:Male,|9818
light_conditions:Daylight,first_point_of_impact:Front,sex_of_driver:Male,casualty_severity:Fatal,|8687
road_type:Single carriageway,speed_limit:60,vehicle_manoeuvre:Going ahead other,sex_of_driver:Male,|7951
speed_limit:60,first_point_of_impact:Front,age_band_of_driver:Adult,|7746
road_type:Single carriageway,light_conditions:Daylight,driver_home_area_type:Urban area,sex_of_casualty:Male,|8127
urban_or_rural_area:Rural,sex_of_driver:Male,age_band_of_driver:Adult,sex_of_casualty:Male,age_band_of_casualty:Adult,|10618
light_conditions:Daylight,first_point_of_impact:Front,age_band_of_driver:Adult,age_band_of_casualty:Adult,|7718
urban_or_rural_area:Rural,sex_of_driver:Male,age_band_of_driver:Adult,age_band_of_casualty:Adult,|11678
road_type:Single carriageway,light_conditions:Daylight,sex_of_casualty:Male,casualty_severity:Fatal,|9314
urban_or_rural_area:Rural,sex_of_driver:Male,age_band_of_driver:Adult,casualty_severity:Fatal,|7698
speed_limit:60,first_point_of_impact:Front,age_of_vehicle:≤9,|9076
urban_or_rural_area:Rural,sex_of_driver:Male,age_band_of_driver:Adult,casualty_type:Car occupant,|7371
road_type:Single carriageway,light_conditions:Daylight,age_band_of_casualty:Adult,|9200
road_type:Single carriageway,light_conditions:Daylight,casualty_severity:Fatal,|12922
road_type:Single carriageway,light_conditions:Daylight,casualty_type:Car occupant,|12292
speed_limit:60,first_point_of_impact:Front,sex_of_casualty:Male,|10395
speed_limit:60,first_point_of_impact:Front,casualty_type:Car occupant,|9845
light_conditions:Daylight,first_point_of_impact:Front,age_of_vehicle:≤7,|8871
light_conditions:Daylight,first_point_of_impact:Front,age_of_vehicle:≤9,sex_of_casualty:Male,|7930
road_type:Single carriageway,speed_limit:60,first_point_of_impact:Front,sex_of_driver:Male,sex_of_casualty:Male,|9483
speed_limit:60,sex_of_driver:Male,age_band_of_driver:Adult,|8197
urban_or_rural_area:Rural,sex_of_driver:Male,age_of_vehicle:≤5,|8887
light_conditions:Daylight,first_point_of_impact:Front,driver_home_area_type:Urban area,|10625
urban_or_rural_area:Rural,sex_of_driver:Male,age_of_vehicle:≤7,sex_of_casualty:Male,|9670
light_conditions:Daylight,first_point_of_impact:Front,sex_of_casualty:Male,casualty_severity:Fatal,|7713
road_type:Single carriageway,speed_limit:60,first_point_of_impact:Front,age_band_of_driver:Adult,|7470
light_conditions:Daylight,first_point_of_impact:Front,age_band_of_casualty:Adult,|8315
speed_limit:60,sex_of_driver:Male,age_of_vehicle:≤9,sex_of_casualty:Male,|7950
light_conditions:Daylight,first_point_of_impact:Front,casualty_severity:Fatal,|10497
light_conditions:Daylight,first_point_of_impact:Front,casualty_type:Car occupant,|10137
urban_or_rural_area:Rural,sex_of_driver:Male,age_of_vehicle:≤9,driver_home_area_type:Urban area,|8677
speed_limit:60,sex_of_driver:Male,driver_home_area_type:Urban area,|7693
road_type:Single carriageway,speed_limit:60,first_point_of_impact:Front,age_of_vehicle:≤9,|8797
urban_or_rural_area:Rural,sex_of_driver:Male,age_of_vehicle:≤9,sex_of_casualty:Male,casualty_severity:Fatal,|7486
urban_or_rural_area:Rural,sex_of_driver:Male,age_of_vehicle:≤9,sex_of_casualty:Male,casualty_type:Car occupant,|7701
speed_limit:60,sex_of_driver:Male,sex_of_casualty:Male,casualty_severity:Fatal,|8060
speed_limit:60,sex_of_driver:Male,sex_of_casualty:Male,casualty_type:Car occupant,|8553
road_type:Single carriageway,speed_limit:60,first_point_of_impact:Front,sex_of_casualty:Male,|10045
road_type:Single carriageway,speed_limit:60,first_point_of_impact:Front,casualty_type:Car occupant,|9549
speed_limit:60,sex_of_driver:Male,casualty_severity:Fatal,|9033
urban_or_rural_area:Rural,sex_of_driver:Male,age_of_vehicle:≤9,age_band_of_casualty:Adult,|7484
speed_limit:60,sex_of_driver:Male,casualty_type:Car occupant,|10678
urban_or_rural_area:Rural,sex_of_driver:Male,age_of_vehicle:≤9,casualty_severity:Fatal,|8581
urban_or_rural_area:Rural,sex_of_driver:Male,age_of_vehicle:≤9,casualty_type:Car occupant,|9842
speed_limit:60,age_band_of_driver:Adult,sex_of_casualty:Male,|7495
urban_or_rural_area:Rural,sex_of_driver:Male,driver_home_area_type:Urban area,sex_of_casualty:Male,|11538
light_conditions:Daylight,sex_of_driver:Male,age_band_of_driver:Adult,sex_of_casualty:Male,age_band_of_casualty:Adult,|8393
speed_limit:60,age_band_of_driver:Adult,age_band_of_casualty:Adult,|8423
urban_or_rural_area:Rural,sex_of_driver:Male,driver_home_area_type:Urban area,casualty_severity:Fatal,|7531
urban_or_rural_area:Rural,sex_of_driver:Male,driver_home_area_type:Urban area,casualty_type:Car occupant,|8414
light_conditions:Daylight,sex_of_driver:Male,age_band_of_driver:Adult,age_band_of_casualty:Adult,|9223
road_type:Single carriageway,speed_limit:60,sex_of_driver:Male,age_band_of_driver:Adult,|7837
urban_or_rural_area:Rural,sex_of_driver:Male,sex_of_casualty:Male,age_band_of_casualty:Adult,|11210
speed_limit:60,age_of_vehicle:≤7,|8961
urban_or_rural_area:Rural,sex_of_driver:Male,sex_of_casualty:Male,casualty_severity:Fatal,|13495
urban_or_rural_area:Rural,sex_of_driver:Male,sex_of_casualty:Male,casualty_type:Car occupant,|13738
urban_or_rural_area:Rural,sex_of_driver:Male,age_band_of_casualty:Youth,|7815
speed_limit:60,age_of_vehicle:≤9,sex_of_casualty:Male,|8492
speed_limit:60,age_of_vehicle:≤9,casualty_type:Car occupant,|8556
urban_or_rural_area:Rural,sex_of_driver:Male,age_band_of_casualty:Adult,|12628
urban_or_rural_area:Rural,sex_of_driver:Male,casualty_severity:Fatal,casualty_type:Car occupant,|8188
speed_limit:60,driver_home_area_type:Urban area,|9382
urban_or_rural_area:Rural,sex_of_driver:Male,casualty_severity:Slight,|7494
urban_or_rural_area:Rural,sex_of_driver:Male,casualty_type:Car occupant,|17220
road_type:Single carriageway,speed_limit:60,sex_of_driver:Male,age_of_vehicle:≤9,sex_of_casualty:Male,|7660
speed_limit:60,sex_of_casualty:Male,casualty_severity:Fatal,|8394
light_conditions:Daylight,sex_of_driver:Male,age_of_vehicle:≤5,|7486
speed_limit:60,sex_of_casualty:Male,casualty_type:Car occupant,|9209
speed_limit:60,age_band_of_casualty:Adult,|9080
speed_limit:60,casualty_severity:Fatal,|11011
speed_limit:60,casualty_type:Car occupant,|14412
road_type:Single carriageway,speed_limit:60,sex_of_driver:Male,sex_of_casualty:Male,casualty_severity:Fatal,|7704
urban_or_rural_area:Rural,age_band_of_driver:Youth,age_band_of_casualty:Youth,|7679
road_type:Single carriageway,speed_limit:60,sex_of_driver:Male,sex_of_casualty:Male,casualty_type:Car occupant,|8242
light_conditions:Daylight,sex_of_driver:Male,age_of_vehicle:≤7,sex_of_casualty:Male,|7780
road_type:Single carriageway,speed_limit:60,sex_of_driver:Male,casualty_severity:Fatal,|8629
road_type:Single carriageway,speed_limit:60,sex_of_driver:Male,casualty_type:Car occupant,|10287
light_conditions:Daylight,sex_of_driver:Male,age_of_vehicle:≤9,driver_home_area_type:Urban area,|8061
light_conditions:Daylight,sex_of_driver:Male,age_of_vehicle:≤9,sex_of_casualty:Male,|10490
light_conditions:Daylight,sex_of_driver:Male,age_of_vehicle:≤9,casualty_severity:Fatal,|7600
road_type:Single carriageway,speed_limit:60,age_band_of_driver:Adult,age_band_of_casualty:Adult,|8078
urban_or_rural_area:Rural,age_band_of_driver:Adult,age_of_vehicle:≤7,|8010
light_conditions:Daylight,sex_of_driver:Male,driver_home_area_type:Urban area,sex_of_casualty:Male,|10325
urban_or_rural_area:Rural,age_band_of_driver:Adult,age_of_vehicle:≤9,sex_of_casualty:Male,|7718
light_conditions:Daylight,sex_of_driver:Male,driver_home_area_type:Urban area,casualty_severity:Fatal,|7832
road_type:Single carriageway,speed_limit:60,age_of_vehicle:≤7,|8681
urban_or_rural_area:Rural,age_band_of_driver:Adult,age_of_vehicle:≤9,age_band_of_casualty:Adult,|8563
road_type:Single carriageway,speed_limit:60,age_of_vehicle:≤9,sex_of_casualty:Male,|8187
road_type:Single carriageway,speed_limit:60,age_of_vehicle:≤9,casualty_type:Car occupant,|8271
light_conditions:Daylight,sex_of_driver:Male,sex_of_casualty:Male,age_band_of_casualty:Adult,|8783
light_conditions:Daylight,sex_of_driver:Male,sex_of_casualty:Male,casualty_severity:Fatal,|11233
light_conditions:Daylight,sex_of_driver:Male,sex_of_casualty:Male,casualty_type:Car occupant,|8548
road_type:Single carriageway,speed_limit:60,driver_home_area_type:Urban area,|8925
urban_or_rural_area:Rural,age_band_of_driver:Adult,driver_home_area_type:Urban area,age_band_of_casualty:Adult,|7490
light_conditions:Daylight,sex_of_driver:Male,age_band_of_casualty:Adult,|9959
light_conditions:Daylight,sex_of_driver:Male,casualty_severity:Fatal,|13419
light_conditions:Daylight,sex_of_driver:Male,casualty_type:Car occupant,|11050
road_type:Single carriageway,speed_limit:60,sex_of_casualty:Male,casualty_severity:Fatal,|8025
road_type:Single carriageway,speed_limit:60,sex_of_casualty:Male,casualty_type:Car occupant,|8881
urban_or_rural_area:Rural,age_band_of_driver:Adult,sex_of_casualty:Male,age_band_of_casualty:Adult,|10886
road_type:Single carriageway,speed_limit:60,age_band_of_casualty:Adult,|8709
road_type:Single carriageway,speed_limit:60,casualty_severity:Fatal,|10555
road_type:Single carriageway,speed_limit:60,casualty_type:Car occupant,|13922
urban_or_rural_area:Rural,age_band_of_driver:Adult,age_band_of_casualty:Adult,casualty_severity:Fatal,|7778
urban_or_rural_area:Rural,age_band_of_driver:Adult,age_band_of_casualty:Adult,casualty_type:Car occupant,|8059
urban_or_rural_area:Rural,age_band_of_driver:Adult,casualty_severity:Fatal,|9175
urban_or_rural_area:Rural,age_band_of_driver:Adult,casualty_type:Car occupant,|10319
light_conditions:Daylight,age_band_of_driver:Adult,age_of_vehicle:≤9,|9279
urban_or_rural_area:Rural,age_band_of_driver:Senior,|7871
light_conditions:Daylight,age_band_of_driver:Adult,driver_home_area_type:Urban area,|8969
light_conditions:Daylight,age_band_of_driver:Adult,sex_of_casualty:Male,age_band_of_casualty:Adult,|8567
light_conditions:Daylight,age_band_of_driver:Adult,age_band_of_casualty:Adult,|11259
light_conditions:Daylight,age_band_of_driver:Adult,casualty_severity:Fatal,|8366
light_conditions:Daylight,age_band_of_driver:Senior,|7841
urban_or_rural_area:Rural,age_of_vehicle:≤5,sex_of_casualty:Male,|7719
urban_or_rural_area:Rural,age_of_vehicle:≤7,driver_home_area_type:Urban area,|7833
urban_or_rural_area:Rural,age_of_vehicle:≤7,sex_of_casualty:Male,|10339
urban_or_rural_area:Rural,age_of_vehicle:≤7,casualty_severity:Fatal,|7454
urban_or_rural_area:Rural,age_of_vehicle:≤7,casualty_type:Car occupant,|9430
light_conditions:Daylight,age_of_vehicle:≤5,|9532
light_conditions:Daylight,age_of_vehicle:≤7,driver_home_area_type:Urban area,|7504
urban_or_rural_area:Rural,age_of_vehicle:≤9,driver_home_area_type:Urban area,sex_of_casualty:Male,|7554
light_conditions:Daylight,age_of_vehicle:≤7,sex_of_casualty:Male,|8391
urban_or_rural_area:Rural,age_of_vehicle:≤9,sex_of_casualty:Male,casualty_severity:Fatal,|7903
urban_or_rural_area:Rural,age_of_vehicle:≤9,sex_of_casualty:Male,casualty_type:Car occupant,|8427
light_conditions:Daylight,age_of_vehicle:≤9,driver_home_area_type:Urban area,|10115
urban_or_rural_area:Rural,age_of_vehicle:≤9,age_band_of_casualty:Adult,|9258
urban_or_rural_area:Rural,age_of_vehicle:≤9,casualty_severity:Fatal,|10595
urban_or_rural_area:Rural,age_of_vehicle:≤9,casualty_type:Car occupant,|13746
light_conditions:Daylight,age_of_vehicle:≤9,sex_of_casualty:Male,|11344
light_conditions:Daylight,age_of_vehicle:≤9,casualty_severity:Fatal,|9402
light_conditions:Daylight,age_of_vehicle:≤9,casualty_type:Car occupant,|9731
urban_or_rural_area:Rural,age_of_vehicle:10-19,|7422
light_conditions:Daylight,driver_home_area_type:Urban area,sex_of_casualty:Male,|11045
light_conditions:Daylight,driver_home_area_type:Urban area,casualty_severity:Fatal,|9419
light_conditions:Daylight,driver_home_area_type:Urban area,casualty_type:Car occupant,|8106
urban_or_rural_area:Rural,driver_home_area_type:Urban area,sex_of_casualty:Male,|12197
urban_or_rural_area:Rural,driver_home_area_type:Urban area,age_band_of_casualty:Adult,|8083
urban_or_rural_area:Rural,driver_home_area_type:Urban area,casualty_severity:Fatal,|8919
urban_or_rural_area:Rural,driver_home_area_type:Urban area,casualty_type:Car occupant,|11013
light_conditions:Daylight,sex_of_casualty:Male,age_band_of_casualty:Adult,|9035
light_conditions:Daylight,sex_of_casualty:Male,casualty_severity:Fatal,|11903
light_conditions:Daylight,sex_of_casualty:Male,casualty_type:Car occupant,|9363
urban_or_rural_area:Rural,driver_home_area_type:Rural,|7669
light_conditions:Daylight,sex_of_casualty:Female,|9239
light_conditions:Daylight,age_band_of_casualty:Adult,|12160
light_conditions:Daylight,age_band_of_casualty:Senior,|8970
urban_or_rural_area:Rural,sex_of_casualty:Male,age_band_of_casualty:Adult,|11616
light_conditions:Daylight,casualty_severity:Fatal,|16483
urban_or_rural_area:Rural,sex_of_casualty:Male,casualty_severity:Fatal,|14165
light_conditions:Daylight,casualty_severity:Slight,|7523
urban_or_rural_area:Rural,sex_of_casualty:Male,casualty_type:Car occupant,|14813
light_conditions:Daylight,casualty_type:Car occupant,|15736
urban_or_rural_area:Rural,sex_of_casualty:Female,casualty_type:Car occupant,|8217
urban_or_rural_area:Rural,age_band_of_casualty:Youth,casualty_type:Car/Taxi Occupant,|7376
urban_or_rural_area:Rural,age_band_of_casualty:Adult,casualty_severity:Fatal,|8368
urban_or_rural_area:Rural,age_band_of_casualty:Adult,casualty_type:Car occupant,|8726
urban_or_rural_area:Rural,age_band_of_casualty:Senior,|7900
urban_or_rural_area:Rural,casualty_severity:Fatal,casualty_type:Car occupant,|10770
urban_or_rural_area:Rural,casualty_severity:Slight,|9464
urban_or_rural_area:Rural,casualty_type:Car occupant,|23031
